Loading pick times from filtered_picks_organized.csv...
Found 1110 MiniSEED files to check in 'selected_quick_migrate_mseed'.

MiniSEED Filename                                | Length (sec) | Samples  | Pick Diff (sec)
------------------------------------------------------------------------------------------
2E.OTIS.HH1.20200713T031743.20200713T031836.mseed | 52.80        | 10561    | 7.54           
2E.JULA.HH1.20200713T163726.20200713T163807.mseed | 41.80        | 8361     | 7.26           
2E.OTIS.HH2.20200723T201737.20200723T201830.mseed | 52.80        | 10561    | 7.80           
2E.TJTJ.HHZ.20200717T001438.20200717T001531.mseed | 52.80        | 10561    | 7.92           
2E.OTIS.HH2.20200723T160254.20200723T160347.mseed | 52.80        | 10561    | 7.81           
2E.JULA.HH1.20200713T054513.20200713T054555.mseed | 41.80        | 8361     | 7.30           
2E.JULA.HHZ.20200713T022536.20200713T022618.mseed | 41.80        | 8361     | 7.30           
2E.TJTJ.HHZ.20200725T094028.20200725T094121.mseed | 52.80        | 10561    | 7.92           
2E.JULA.HHZ.20200714T221713.20200714T221755.mseed | 41.80        | 8361     | 7.30           
2E.JULA.HH1.20200713T013210.20200713T013252.mseed | 41.80        | 8361     | 7.27           
2E.JULA.HH2.20200714T214223.20200714T214305.mseed | 41.80        | 8361     | 7.28           
2E.OTIS.HH2.20200724T082820.20200724T082912.mseed | 52.80        | 10561    | 7.81           
2E.TJTJ.HH2.20200725T103646.20200725T103739.mseed | 52.80        | 10561    | 7.96           
2E.JULA.HH2.20200419T233929.20200419T234011.mseed | 41.80        | 8361     | 9.18           
2E.TJTJ.HHZ.20200728T220730.20200728T220823.mseed | 52.80        | 10561    | 7.83           
2E.TJTJ.HH2.20200901T202432.20200901T202525.mseed | 52.80        | 10561    | 8.55           
2E.TJTJ.HHZ.20200720T155601.20200720T155653.mseed | 52.80        | 10561    | 7.83           
2E.TJTJ.HH1.20200716T220853.20200716T220946.mseed | 52.80        | 10561    | 7.96           
2E.JULA.HH2.20200713T154947.20200713T155029.mseed | 41.80        | 8361     | 7.28           
2E.OTIS.HH2.20200901T202432.20200901T202525.mseed | 52.80        | 10561    | 7.66           
------------------------------------------------------------------------------------------
... and 1090 more files checked silently.

--- COMPREHENSIVE OVERALL SUMMARY ---

[ Trace Lengths (seconds) ]
  Mean: 48.31
  Min:  41.80
  Max:  52.80
  Std:  5.41

[ Trace Samples ]
  Mean: 9663
  Min:  8361
  Max:  10561
  Std:  1081

[ Pick Differences (seconds from trace start) ]
  Mean: 7.67
  Min:  6.61
  Max:  10.13
  Std:  0.49
